# JRE version: OpenJDK Runtime Environment Temurin-21.0.9+10 (21.0.9+10) (build 21.0.9+10-LTS)
# Java VM: OpenJDK 64-Bit Server VM Temurin-21.0.9+10 (21.0.9+10-LTS, mixed mode, sharing, tiered, compressed oops, compressed class ptrs, parallel gc, windows-amd64)
GC Precious Log:
 CardTable entry size: 512
 CPUs: 8 total, 8 available
 Memory: 8039M
 Large Page Support: Disabled
 NUMA Support: Disabled
 Compressed Oops: Enabled (32-bit)
 Alignments: Space 512K, Generation 512K, Heap 2M
 Heap Min Capacity: 100M
 Heap Initial Capacity: 100M
 Heap Max Capacity: 2G
 Pre-touch: Disabled
 Parallel Workers: 8
Heap:
 PSYoungGen      total 2560K, used 558K [0x00000000d5580000, 0x00000000d5b00000, 0x0000000100000000)
  eden space 2048K, 17% used [0x00000000d5580000,0x00000000d55dbbd0,0x00000000d5780000)
  from space 512K, 37% used [0x00000000d5a80000,0x00000000d5ab0000,0x00000000d5b00000)
  to   space 512K, 0% used [0x00000000d5a00000,0x00000000d5a00000,0x00000000d5a80000)
 ParOldGen       total 550912K, used 550767K [0x0000000080000000, 0x00000000a1a00000, 0x00000000d5580000)
  object space 550912K, 99% used [0x0000000080000000,0x00000000a19dbee0,0x00000000a1a00000)
 Metaspace       used 92996K, committed 94848K, reserved 1179648K
  class space    used 9531K, committed 10368K, reserved 1048576K
GC Heap History (20 events):
Event: 1687.245 GC heap before
{Heap before GC invocations=1231 (full 5):
 PSYoungGen      total 2560K, used 2528K [0x00000000d5580000, 0x00000000d5b80000, 0x0000000100000000)
  eden space 2048K, 100% used [0x00000000d5580000,0x00000000d5780000,0x00000000d5780000)
  from space 512K, 93% used [0x00000000d5b00000,0x00000000d5b78000,0x00000000d5b80000)
  to   space 1536K, 0% used [0x00000000d5880000,0x00000000d5880000,0x00000000d5a00000)
 ParOldGen       total 548864K, used 548394K [0x0000000080000000, 0x00000000a1800000, 0x00000000d5580000)
  object space 548864K, 99% used [0x0000000080000000,0x00000000a178aa98,0x00000000a1800000)
 Metaspace       used 90435K, committed 92288K, reserved 1179648K
  class space    used 9206K, committed 10048K, reserved 1048576K
}
Event: 1687.247 GC heap after
{Heap after GC invocations=1231 (full 5):
 PSYoungGen      total 3584K, used 480K [0x00000000d5580000, 0x00000000d5b80000, 0x0000000100000000)
  eden space 2048K, 0% used [0x00000000d5580000,0x00000000d5580000,0x00000000d5780000)
  from space 1536K, 31% used [0x00000000d5880000,0x00000000d58f8000,0x00000000d5a00000)
  to   space 1024K, 0% used [0x00000000d5a80000,0x00000000d5a80000,0x00000000d5b80000)
 ParOldGen       total 548864K, used 548778K [0x0000000080000000, 0x00000000a1800000, 0x00000000d5580000)
  object space 548864K, 99% used [0x0000000080000000,0x00000000a17eaa98,0x00000000a1800000)
 Metaspace       used 90435K, committed 92288K, reserved 1179648K
  class space    used 9206K, committed 10048K, reserved 1048576K
}
Event: 1687.447 GC heap before
{Heap before GC invocations=1232 (full 5):
 PSYoungGen      total 3584K, used 2528K [0x00000000d5580000, 0x00000000d5b80000, 0x0000000100000000)
  eden space 2048K, 100% used [0x00000000d5580000,0x00000000d5780000,0x00000000d5780000)
  from space 1536K, 31% used [0x00000000d5880000,0x00000000d58f8000,0x00000000d5a00000)
  to   space 1024K, 0% used [0x00000000d5a80000,0x00000000d5a80000,0x00000000d5b80000)
 ParOldGen       total 548864K, used 548778K [0x0000000080000000, 0x00000000a1800000, 0x00000000d5580000)
  object space 548864K, 99% used [0x0000000080000000,0x00000000a17eaa98,0x00000000a1800000)
 Metaspace       used 90449K, committed 92288K, reserved 1179648K
  class space    used 9206K, committed 10048K, reserved 1048576K
}
Event: 1687.449 GC heap after
{Heap after GC invocations=1232 (full 5):
 PSYoungGen      total 2560K, used 448K [0x00000000d5580000, 0x00000000d5b00000, 0x0000000100000000)
  eden space 2048K, 0% used [0x00000000d5580000,0x00000000d5580000,0x00000000d5780000)
  from space 512K, 87% used [0x00000000d5a80000,0x00000000d5af0000,0x00000000d5b00000)
  to   space 512K, 0% used [0x00000000d5a00000,0x00000000d5a00000,0x00000000d5a80000)
 ParOldGen       total 549376K, used 549182K [0x0000000080000000, 0x00000000a1880000, 0x00000000d5580000)
  object space 549376K, 99% used [0x0000000080000000,0x00000000a184fac8,0x00000000a1880000)
 Metaspace       used 90449K, committed 92288K, reserved 1179648K
  class space    used 9206K, committed 10048K, reserved 1048576K
}
Event: 1688.006 GC heap before
{Heap before GC invocations=1233 (full 5):
 PSYoungGen      total 2560K, used 2495K [0x00000000d5580000, 0x00000000d5b00000, 0x0000000100000000)
  eden space 2048K, 99% used [0x00000000d5580000,0x00000000d577fcf8,0x00000000d5780000)
  from space 512K, 87% used [0x00000000d5a80000,0x00000000d5af0000,0x00000000d5b00000)
  to   space 512K, 0% used [0x00000000d5a00000,0x00000000d5a00000,0x00000000d5a80000)
 ParOldGen       total 549376K, used 549182K [0x0000000080000000, 0x00000000a1880000, 0x00000000d5580000)
  object space 549376K, 99% used [0x0000000080000000,0x00000000a184fac8,0x00000000a1880000)
 Metaspace       used 90642K, committed 92480K, reserved 1179648K
  class space    used 9223K, committed 10112K, reserved 1048576K
}
Event: 1688.007 GC heap after
{Heap after GC invocations=1233 (full 5):
 PSYoungGen      total 2560K, used 508K [0x00000000d5580000, 0x00000000d5b00000, 0x0000000100000000)
  eden space 2048K, 0% used [0x00000000d5580000,0x00000000d5580000,0x00000000d5780000)
  from space 512K, 99% used [0x00000000d5a00000,0x00000000d5a7f218,0x00000000d5a80000)
  to   space 512K, 0% used [0x00000000d5a80000,0x00000000d5a80000,0x00000000d5b00000)
 ParOldGen       total 549888K, used 549518K [0x0000000080000000, 0x00000000a1900000, 0x00000000d5580000)
  object space 549888K, 99% used [0x0000000080000000,0x00000000a18a3be8,0x00000000a1900000)
 Metaspace       used 90642K, committed 92480K, reserved 1179648K
  class space    used 9223K, committed 10112K, reserved 1048576K
}
Event: 1688.038 GC heap before
{Heap before GC invocations=1234 (full 5):
 PSYoungGen      total 2560K, used 2556K [0x00000000d5580000, 0x00000000d5b00000, 0x0000000100000000)
  eden space 2048K, 100% used [0x00000000d5580000,0x00000000d5780000,0x00000000d5780000)
  from space 512K, 99% used [0x00000000d5a00000,0x00000000d5a7f218,0x00000000d5a80000)
  to   space 512K, 0% used [0x00000000d5a80000,0x00000000d5a80000,0x00000000d5b00000)
 ParOldGen       total 549888K, used 549518K [0x0000000080000000, 0x00000000a1900000, 0x00000000d5580000)
  object space 549888K, 99% used [0x0000000080000000,0x00000000a18a3be8,0x00000000a1900000)
 Metaspace       used 90916K, committed 92736K, reserved 1179648K
  class space    used 9257K, committed 10112K, reserved 1048576K
}
Event: 1688.041 GC heap after
{Heap after GC invocations=1234 (full 5):
 PSYoungGen      total 2560K, used 351K [0x00000000d5580000, 0x00000000d5b00000, 0x0000000100000000)
  eden space 2048K, 0% used [0x00000000d5580000,0x00000000d5580000,0x00000000d5780000)
  from space 512K, 68% used [0x00000000d5a80000,0x00000000d5ad7c48,0x00000000d5b00000)
  to   space 1024K, 0% used [0x00000000d5900000,0x00000000d5900000,0x00000000d5a00000)
 ParOldGen       total 550400K, used 549963K [0x0000000080000000, 0x00000000a1980000, 0x00000000d5580000)
  object space 550400K, 99% used [0x0000000080000000,0x00000000a1912f28,0x00000000a1980000)
 Metaspace       used 90916K, committed 92736K, reserved 1179648K
  class space    used 9257K, committed 10112K, reserved 1048576K
}
Event: 1688.060 GC heap before
{Heap before GC invocations=1235 (full 5):
 PSYoungGen      total 2560K, used 2399K [0x00000000d5580000, 0x00000000d5b00000, 0x0000000100000000)
  eden space 2048K, 100% used [0x00000000d5580000,0x00000000d5780000,0x00000000d5780000)
  from space 512K, 68% used [0x00000000d5a80000,0x00000000d5ad7c48,0x00000000d5b00000)
  to   space 1024K, 0% used [0x00000000d5900000,0x00000000d5900000,0x00000000d5a00000)
 ParOldGen       total 550400K, used 549963K [0x0000000080000000, 0x00000000a1980000, 0x00000000d5580000)
  object space 550400K, 99% used [0x0000000080000000,0x00000000a1912f28,0x00000000a1980000)
 Metaspace       used 91149K, committed 92992K, reserved 1179648K
  class space    used 9305K, committed 10176K, reserved 1048576K
}
Event: 1688.062 GC heap after
{Heap after GC invocations=1235 (full 5):
 PSYoungGen      total 3072K, used 192K [0x00000000d5580000, 0x00000000d5b00000, 0x0000000100000000)
  eden space 2048K, 0% used [0x00000000d5580000,0x00000000d5580000,0x00000000d5780000)
  from space 1024K, 18% used [0x00000000d5900000,0x00000000d5930000,0x00000000d5a00000)
  to   space 512K, 0% used [0x00000000d5a80000,0x00000000d5a80000,0x00000000d5b00000)
 ParOldGen       total 550400K, used 550228K [0x0000000080000000, 0x00000000a1980000, 0x00000000d5580000)
  object space 550400K, 99% used [0x0000000080000000,0x00000000a1955090,0x00000000a1980000)
 Metaspace       used 91149K, committed 92992K, reserved 1179648K
  class space    used 9305K, committed 10176K, reserved 1048576K
}
Event: 1688.119 GC heap before
{Heap before GC invocations=1236 (full 5):
 PSYoungGen      total 3072K, used 2240K [0x00000000d5580000, 0x00000000d5b00000, 0x0000000100000000)
  eden space 2048K, 100% used [0x00000000d5580000,0x00000000d5780000,0x00000000d5780000)
  from space 1024K, 18% used [0x00000000d5900000,0x00000000d5930000,0x00000000d5a00000)
  to   space 512K, 0% used [0x00000000d5a80000,0x00000000d5a80000,0x00000000d5b00000)
 ParOldGen       total 550400K, used 550228K [0x0000000080000000, 0x00000000a1980000, 0x00000000d5580000)
  object space 550400K, 99% used [0x0000000080000000,0x00000000a1955090,0x00000000a1980000)
 Metaspace       used 91570K, committed 93376K, reserved 1179648K
  class space    used 9351K, committed 10176K, reserved 1048576K
}
Event: 1688.120 GC heap after
{Heap after GC invocations=1236 (full 5):
 PSYoungGen      total 2560K, used 256K [0x00000000d5580000, 0x00000000d5b00000, 0x0000000100000000)
  eden space 2048K, 0% used [0x00000000d5580000,0x00000000d5580000,0x00000000d5780000)
  from space 512K, 50% used [0x00000000d5a80000,0x00000000d5ac0000,0x00000000d5b00000)
  to   space 512K, 0% used [0x00000000d5a00000,0x00000000d5a00000,0x00000000d5a80000)
 ParOldGen       total 550400K, used 550284K [0x0000000080000000, 0x00000000a1980000, 0x00000000d5580000)
  object space 550400K, 99% used [0x0000000080000000,0x00000000a1963090,0x00000000a1980000)
 Metaspace       used 91570K, committed 93376K, reserved 1179648K
  class space    used 9351K, committed 10176K, reserved 1048576K
}
Event: 1688.179 GC heap before
{Heap before GC invocations=1237 (full 5):
 PSYoungGen      total 2560K, used 2304K [0x00000000d5580000, 0x00000000d5b00000, 0x0000000100000000)
  eden space 2048K, 100% used [0x00000000d5580000,0x00000000d5780000,0x00000000d5780000)
  from space 512K, 50% used [0x00000000d5a80000,0x00000000d5ac0000,0x00000000d5b00000)
  to   space 512K, 0% used [0x00000000d5a00000,0x00000000d5a00000,0x00000000d5a80000)
 ParOldGen       total 550400K, used 550284K [0x0000000080000000, 0x00000000a1980000, 0x00000000d5580000)
  object space 550400K, 99% used [0x0000000080000000,0x00000000a1963090,0x00000000a1980000)
 Metaspace       used 92215K, committed 94080K, reserved 1179648K
  class space    used 9415K, committed 10304K, reserved 1048576K
}
Event: 1688.181 GC heap after
{Heap after GC invocations=1237 (full 5):
 PSYoungGen      total 2560K, used 224K [0x00000000d5580000, 0x00000000d5b00000, 0x0000000100000000)
  eden space 2048K, 0% used [0x00000000d5580000,0x00000000d5580000,0x00000000d5780000)
  from space 512K, 43% used [0x00000000d5a00000,0x00000000d5a38000,0x00000000d5a80000)
  to   space 512K, 0% used [0x00000000d5a80000,0x00000000d5a80000,0x00000000d5b00000)
 ParOldGen       total 550912K, used 550476K [0x0000000080000000, 0x00000000a1a00000, 0x00000000d5580000)
  object space 550912K, 99% used [0x0000000080000000,0x00000000a1993090,0x00000000a1a00000)
 Metaspace       used 92215K, committed 94080K, reserved 1179648K
  class space    used 9415K, committed 10304K, reserved 1048576K
}
Event: 1688.238 GC heap before
{Heap before GC invocations=1238 (full 5):
 PSYoungGen      total 2560K, used 2272K [0x00000000d5580000, 0x00000000d5b00000, 0x0000000100000000)
  eden space 2048K, 100% used [0x00000000d5580000,0x00000000d5780000,0x00000000d5780000)
  from space 512K, 43% used [0x00000000d5a00000,0x00000000d5a38000,0x00000000d5a80000)
  to   space 512K, 0% used [0x00000000d5a80000,0x00000000d5a80000,0x00000000d5b00000)
 ParOldGen       total 550912K, used 550476K [0x0000000080000000, 0x00000000a1a00000, 0x00000000d5580000)
  object space 550912K, 99% used [0x0000000080000000,0x00000000a1993090,0x00000000a1a00000)
 Metaspace       used 92654K, committed 94528K, reserved 1179648K
  class space    used 9487K, committed 10368K, reserved 1048576K
}
Event: 1688.240 GC heap after
{Heap after GC invocations=1238 (full 5):
 PSYoungGen      total 2560K, used 283K [0x00000000d5580000, 0x00000000d5b00000, 0x0000000100000000)
  eden space 2048K, 0% used [0x00000000d5580000,0x00000000d5580000,0x00000000d5780000)
  from space 512K, 55% used [0x00000000d5a80000,0x00000000d5ac6e50,0x00000000d5b00000)
  to   space 512K, 0% used [0x00000000d5a00000,0x00000000d5a00000,0x00000000d5a80000)
 ParOldGen       total 550912K, used 550556K [0x0000000080000000, 0x00000000a1a00000, 0x00000000d5580000)
  object space 550912K, 99% used [0x0000000080000000,0x00000000a19a7090,0x00000000a1a00000)
 Metaspace       used 92654K, committed 94528K, reserved 1179648K
  class space    used 9487K, committed 10368K, reserved 1048576K
}
Event: 1688.300 GC heap before
{Heap before GC invocations=1239 (full 5):
 PSYoungGen      total 2560K, used 2331K [0x00000000d5580000, 0x00000000d5b00000, 0x0000000100000000)
  eden space 2048K, 100% used [0x00000000d5580000,0x00000000d5780000,0x00000000d5780000)
  from space 512K, 55% used [0x00000000d5a80000,0x00000000d5ac6e50,0x00000000d5b00000)
  to   space 512K, 0% used [0x00000000d5a00000,0x00000000d5a00000,0x00000000d5a80000)
 ParOldGen       total 550912K, used 550556K [0x0000000080000000, 0x00000000a1a00000, 0x00000000d5580000)
  object space 550912K, 99% used [0x0000000080000000,0x00000000a19a7090,0x00000000a1a00000)
 Metaspace       used 92920K, committed 94720K, reserved 1179648K
  class space    used 9530K, committed 10368K, reserved 1048576K
}
Event: 1688.302 GC heap after
{Heap after GC invocations=1239 (full 5):
 PSYoungGen      total 2560K, used 256K [0x00000000d5580000, 0x00000000d5b00000, 0x0000000100000000)
  eden space 2048K, 0% used [0x00000000d5580000,0x00000000d5580000,0x00000000d5780000)
  from space 512K, 50% used [0x00000000d5a00000,0x00000000d5a40000,0x00000000d5a80000)
  to   space 512K, 0% used [0x00000000d5a80000,0x00000000d5a80000,0x00000000d5b00000)
 ParOldGen       total 550912K, used 550695K [0x0000000080000000, 0x00000000a1a00000, 0x00000000d5580000)
  object space 550912K, 99% used [0x0000000080000000,0x00000000a19c9ee0,0x00000000a1a00000)
 Metaspace       used 92920K, committed 94720K, reserved 1179648K
  class space    used 9530K, committed 10368K, reserved 1048576K
}
Event: 1688.327 GC heap before
{Heap before GC invocations=1240 (full 5):
 PSYoungGen      total 2560K, used 2304K [0x00000000d5580000, 0x00000000d5b00000, 0x0000000100000000)
  eden space 2048K, 100% used [0x00000000d5580000,0x00000000d5780000,0x00000000d5780000)
  from space 512K, 50% used [0x00000000d5a00000,0x00000000d5a40000,0x00000000d5a80000)
  to   space 512K, 0% used [0x00000000d5a80000,0x00000000d5a80000,0x00000000d5b00000)
 ParOldGen       total 550912K, used 550695K [0x0000000080000000, 0x00000000a1a00000, 0x00000000d5580000)
  object space 550912K, 99% used [0x0000000080000000,0x00000000a19c9ee0,0x00000000a1a00000)
 Metaspace       used 92981K, committed 94784K, reserved 1179648K
  class space    used 9530K, committed 10368K, reserved 1048576K
}
Event: 1688.329 GC heap after
{Heap after GC invocations=1240 (full 5):
 PSYoungGen      total 2560K, used 192K [0x00000000d5580000, 0x00000000d5b00000, 0x0000000100000000)
  eden space 2048K, 0% used [0x00000000d5580000,0x00000000d5580000,0x00000000d5780000)
  from space 512K, 37% used [0x00000000d5a80000,0x00000000d5ab0000,0x00000000d5b00000)
  to   space 512K, 0% used [0x00000000d5a00000,0x00000000d5a00000,0x00000000d5a80000)
 ParOldGen       total 550912K, used 550767K [0x0000000080000000, 0x00000000a1a00000, 0x00000000d5580000)
  object space 550912K, 99% used [0x0000000080000000,0x00000000a19dbee0,0x00000000a1a00000)
 Metaspace       used 92981K, committed 94784K, reserved 1179648K
  class space    used 9530K, committed 10368K, reserved 1048576K
}

